<?xml version="1.0"?>
<!DOCTYPE coverage SYSTEM "http://cobertura.sourceforge.net/xml/coverage-04.dtd">

<coverage line-rate="0.6099744245524297" branch-rate="0.6175298804780877" lines-covered="477" lines-valid="782" branches-covered="155" branches-valid="251" complexity="2.1542857142857144" version="1.9.4.1" timestamp="1363387250830">
	<sources>
		<source>--source</source>
		<source>/Users/sxs/tmp/weltraumschaf/src/main/java</source>
	</sources>
	<packages>
		<package name="org.jenkinsci.plugins.darcs" line-rate="0.5583756345177665" branch-rate="0.6048780487804878" complexity="2.3801652892561984">
			<classes>
				<class name="org.jenkinsci.plugins.darcs.DarcsChangeLogParser" filename="org/jenkinsci/plugins/darcs/DarcsChangeLogParser.java" line-rate="0.9444444444444444" branch-rate="1.0" complexity="1.0">
					<methods>
						<method name="&lt;clinit&gt;" signature="()V" line-rate="1.0" branch-rate="1.0">
							<lines>
								<line number="35" hits="1" branch="false"/>
							</lines>
						</method>
						<method name="&lt;init&gt;" signature="()V" line-rate="1.0" branch-rate="1.0">
							<lines>
								<line number="49" hits="2" branch="false"/>
								<line number="50" hits="2" branch="false"/>
							</lines>
						</method>
						<method name="&lt;init&gt;" signature="(Lorg/jenkinsci/plugins/darcs/DarcsSaxHandler;Lorg/jenkinsci/plugins/darcs/DarcsXmlSanitizer;)V" line-rate="1.0" branch-rate="1.0">
							<lines>
								<line number="59" hits="2" branch="false"/>
								<line number="60" hits="2" branch="false"/>
								<line number="61" hits="2" branch="false"/>
								<line number="62" hits="2" branch="false"/>
							</lines>
						</method>
						<method name="parse" signature="(Lhudson/model/AbstractBuild;Ljava/io/File;)Lhudson/scm/ChangeLogSet;" line-rate="0.0" branch-rate="1.0">
							<lines>
								<line number="30" hits="0" branch="false"/>
							</lines>
						</method>
						<method name="parse" signature="(Lhudson/model/AbstractBuild;Ljava/io/File;)Lorg/jenkinsci/plugins/darcs/DarcsChangeSetList;" line-rate="1.0" branch-rate="1.0">
							<lines>
								<line number="79" hits="1" branch="false"/>
								<line number="80" hits="1" branch="false"/>
								<line number="81" hits="1" branch="false"/>
							</lines>
						</method>
						<method name="parse" signature="(Lhudson/model/AbstractBuild;Lorg/xml/sax/InputSource;)Lorg/jenkinsci/plugins/darcs/DarcsChangeSetList;" line-rate="1.0" branch-rate="1.0">
							<lines>
								<line number="98" hits="2" branch="false"/>
								<line number="99" hits="2" branch="false"/>
								<line number="100" hits="2" branch="false"/>
								<line number="101" hits="2" branch="false"/>
								<line number="102" hits="2" branch="false"/>
							</lines>
						</method>
						<method name="parse" signature="(Ljava/io/ByteArrayOutputStream;)Lorg/jenkinsci/plugins/darcs/DarcsChangeSetList;" line-rate="1.0" branch-rate="1.0">
							<lines>
								<line number="93" hits="1" branch="false"/>
								<line number="94" hits="1" branch="false"/>
							</lines>
						</method>
					</methods>
					<lines>
						<line number="30" hits="0" branch="false"/>
						<line number="35" hits="1" branch="false"/>
						<line number="49" hits="2" branch="false"/>
						<line number="50" hits="2" branch="false"/>
						<line number="59" hits="2" branch="false"/>
						<line number="60" hits="2" branch="false"/>
						<line number="61" hits="2" branch="false"/>
						<line number="62" hits="2" branch="false"/>
						<line number="79" hits="1" branch="false"/>
						<line number="80" hits="1" branch="false"/>
						<line number="81" hits="1" branch="false"/>
						<line number="93" hits="1" branch="false"/>
						<line number="94" hits="1" branch="false"/>
						<line number="98" hits="2" branch="false"/>
						<line number="99" hits="2" branch="false"/>
						<line number="100" hits="2" branch="false"/>
						<line number="101" hits="2" branch="false"/>
						<line number="102" hits="2" branch="false"/>
					</lines>
				</class>
				<class name="org.jenkinsci.plugins.darcs.DarcsChangeSet" filename="org/jenkinsci/plugins/darcs/DarcsChangeSet.java" line-rate="0.9117647058823529" branch-rate="0.9705882352941176" complexity="2.111111111111111">
					<methods>
						<method name="&lt;init&gt;" signature="()V" line-rate="1.0" branch-rate="1.0">
							<lines>
								<line number="63" hits="111" branch="false"/>
								<line number="67" hits="111" branch="false"/>
								<line number="71" hits="111" branch="false"/>
							</lines>
						</method>
						<method name="access$000" signature="(Lorg/jenkinsci/plugins/darcs/DarcsChangeSet;)Ljava/util/List;" line-rate="1.0" branch-rate="1.0">
							<lines>
							</lines>
						</method>
						<method name="access$100" signature="(Lorg/jenkinsci/plugins/darcs/DarcsChangeSet;)Ljava/util/List;" line-rate="1.0" branch-rate="1.0">
							<lines>
							</lines>
						</method>
						<method name="access$200" signature="(Lorg/jenkinsci/plugins/darcs/DarcsChangeSet;)Ljava/util/List;" line-rate="1.0" branch-rate="1.0">
							<lines>
								<line number="30" hits="114" branch="false"/>
							</lines>
						</method>
						<method name="equal" signature="(Ljava/lang/Object;Ljava/lang/Object;)Z" line-rate="1.0" branch-rate="0.8333333333333334">
							<lines>
								<line number="415" hits="449" branch="true" condition-coverage="83% (5/6)">
									<conditions>
										<condition number="0" type="jump" coverage="100%"/>
										<condition number="1" type="jump" coverage="50%"/>
										<condition number="2" type="jump" coverage="100%"/>
									</conditions>
								</line>
							</lines>
						</method>
						<method name="equals" signature="(Ljava/lang/Object;)Z" line-rate="1.0" branch-rate="1.0">
							<lines>
								<line number="358" hits="54" branch="true" condition-coverage="100% (2/2)">
									<conditions>
										<condition number="0" type="jump" coverage="100%"/>
									</conditions>
								</line>
								<line number="359" hits="1" branch="false"/>
								<line number="362" hits="53" branch="false"/>
								<line number="364" hits="53" branch="true" condition-coverage="100% (2/2)">
									<conditions>
										<condition number="0" type="jump" coverage="100%"/>
									</conditions>
								</line>
								<line number="365" hits="5" branch="false"/>
								<line number="368" hits="48" branch="true" condition-coverage="100% (2/2)">
									<conditions>
										<condition number="0" type="jump" coverage="100%"/>
									</conditions>
								</line>
								<line number="369" hits="1" branch="false"/>
								<line number="372" hits="47" branch="true" condition-coverage="100% (2/2)">
									<conditions>
										<condition number="0" type="jump" coverage="100%"/>
									</conditions>
								</line>
								<line number="373" hits="1" branch="false"/>
								<line number="376" hits="46" branch="true" condition-coverage="100% (2/2)">
									<conditions>
										<condition number="0" type="jump" coverage="100%"/>
									</conditions>
								</line>
								<line number="377" hits="1" branch="false"/>
								<line number="380" hits="45" branch="true" condition-coverage="100% (2/2)">
									<conditions>
										<condition number="0" type="jump" coverage="100%"/>
									</conditions>
								</line>
								<line number="381" hits="1" branch="false"/>
								<line number="384" hits="44" branch="true" condition-coverage="100% (2/2)">
									<conditions>
										<condition number="0" type="jump" coverage="100%"/>
									</conditions>
								</line>
								<line number="385" hits="1" branch="false"/>
								<line number="388" hits="43" branch="true" condition-coverage="100% (2/2)">
									<conditions>
										<condition number="0" type="jump" coverage="100%"/>
									</conditions>
								</line>
								<line number="389" hits="1" branch="false"/>
								<line number="392" hits="42" branch="true" condition-coverage="100% (2/2)">
									<conditions>
										<condition number="0" type="jump" coverage="100%"/>
									</conditions>
								</line>
								<line number="393" hits="1" branch="false"/>
								<line number="396" hits="41" branch="true" condition-coverage="100% (2/2)">
									<conditions>
										<condition number="0" type="jump" coverage="100%"/>
									</conditions>
								</line>
								<line number="397" hits="1" branch="false"/>
								<line number="400" hits="40" branch="true" condition-coverage="100% (2/2)">
									<conditions>
										<condition number="0" type="jump" coverage="100%"/>
									</conditions>
								</line>
								<line number="401" hits="1" branch="false"/>
								<line number="404" hits="39" branch="false"/>
							</lines>
						</method>
						<method name="getAddedPaths" signature="()Ljava/util/List;" line-rate="1.0" branch-rate="1.0">
							<lines>
								<line number="266" hits="66" branch="false"/>
							</lines>
						</method>
						<method name="getAffectedPaths" signature="()Ljava/util/Collection;" line-rate="1.0" branch-rate="1.0">
							<lines>
							</lines>
						</method>
						<method name="getAffectedPaths" signature="()Ljava/util/List;" line-rate="1.0" branch-rate="1.0">
							<lines>
								<line number="250" hits="1" branch="false"/>
							</lines>
						</method>
						<method name="getAuthor" signature="()Lhudson/model/User;" line-rate="0.0" branch-rate="1.0">
							<lines>
								<line number="82" hits="0" branch="false"/>
							</lines>
						</method>
						<method name="getComment" signature="()Ljava/lang/String;" line-rate="1.0" branch-rate="1.0">
							<lines>
								<line number="101" hits="2" branch="false"/>
							</lines>
						</method>
						<method name="getDate" signature="()Ljava/lang/String;" line-rate="0.0" branch-rate="1.0">
							<lines>
								<line number="111" hits="0" branch="false"/>
							</lines>
						</method>
						<method name="getDeletedPaths" signature="()Ljava/util/List;" line-rate="1.0" branch-rate="1.0">
							<lines>
								<line number="276" hits="58" branch="false"/>
							</lines>
						</method>
						<method name="getEditTypes" signature="()Ljava/util/List;" line-rate="1.0" branch-rate="1.0">
							<lines>
								<line number="322" hits="1" branch="false"/>
							</lines>
						</method>
						<method name="getHash" signature="()Ljava/lang/String;" line-rate="1.0" branch-rate="1.0">
							<lines>
								<line number="121" hits="235" branch="false"/>
							</lines>
						</method>
						<method name="getLocalDate" signature="()Ljava/lang/String;" line-rate="0.0" branch-rate="1.0">
							<lines>
								<line number="141" hits="0" branch="false"/>
							</lines>
						</method>
						<method name="getModifiedPaths" signature="()Ljava/util/List;" line-rate="1.0" branch-rate="1.0">
							<lines>
								<line number="286" hits="94" branch="false"/>
							</lines>
						</method>
						<method name="getMsg" signature="()Ljava/lang/String;" line-rate="1.0" branch-rate="1.0">
							<lines>
								<line number="163" hits="1" branch="false"/>
							</lines>
						</method>
						<method name="getName" signature="()Ljava/lang/String;" line-rate="0.0" branch-rate="1.0">
							<lines>
								<line number="151" hits="0" branch="false"/>
							</lines>
						</method>
						<method name="getPaths" signature="(Lhudson/scm/EditType;)Ljava/util/List;" line-rate="1.0" branch-rate="1.0">
							<lines>
								<line number="296" hits="7" branch="true" condition-coverage="100% (2/2)">
									<conditions>
										<condition number="0" type="jump" coverage="100%"/>
									</conditions>
								</line>
								<line number="297" hits="2" branch="false"/>
								<line number="300" hits="5" branch="true" condition-coverage="100% (2/2)">
									<conditions>
										<condition number="0" type="jump" coverage="100%"/>
									</conditions>
								</line>
								<line number="301" hits="2" branch="false"/>
								<line number="304" hits="3" branch="true" condition-coverage="100% (2/2)">
									<conditions>
										<condition number="0" type="jump" coverage="100%"/>
									</conditions>
								</line>
								<line number="305" hits="2" branch="false"/>
								<line number="308" hits="1" branch="false"/>
							</lines>
						</method>
						<method name="getPlainAuthor" signature="()Ljava/lang/String;" line-rate="0.0" branch-rate="1.0">
							<lines>
								<line number="91" hits="0" branch="false"/>
							</lines>
						</method>
						<method name="hashCode" signature="()I" line-rate="1.0" branch-rate="1.0">
							<lines>
								<line number="342" hits="14" branch="false"/>
							</lines>
						</method>
						<method name="isInverted" signature="()Z" line-rate="0.0" branch-rate="1.0">
							<lines>
								<line number="131" hits="0" branch="false"/>
							</lines>
						</method>
						<method name="setAuthor" signature="(Ljava/lang/String;)V" line-rate="1.0" branch-rate="1.0">
							<lines>
								<line number="174" hits="108" branch="false"/>
								<line number="175" hits="108" branch="false"/>
							</lines>
						</method>
						<method name="setComment" signature="(Ljava/lang/String;)V" line-rate="1.0" branch-rate="1.0">
							<lines>
								<line number="185" hits="81" branch="false"/>
								<line number="186" hits="81" branch="false"/>
							</lines>
						</method>
						<method name="setDate" signature="(Ljava/lang/String;)V" line-rate="1.0" branch-rate="1.0">
							<lines>
								<line number="196" hits="108" branch="false"/>
								<line number="197" hits="108" branch="false"/>
							</lines>
						</method>
						<method name="setHash" signature="(Ljava/lang/String;)V" line-rate="1.0" branch-rate="1.0">
							<lines>
								<line number="207" hits="109" branch="false"/>
								<line number="208" hits="109" branch="false"/>
							</lines>
						</method>
						<method name="setInverted" signature="(Z)V" line-rate="1.0" branch-rate="1.0">
							<lines>
								<line number="218" hits="108" branch="false"/>
								<line number="219" hits="108" branch="false"/>
							</lines>
						</method>
						<method name="setLocalDate" signature="(Ljava/lang/String;)V" line-rate="1.0" branch-rate="1.0">
							<lines>
								<line number="229" hits="108" branch="false"/>
								<line number="230" hits="108" branch="false"/>
							</lines>
						</method>
						<method name="setName" signature="(Ljava/lang/String;)V" line-rate="1.0" branch-rate="1.0">
							<lines>
								<line number="240" hits="81" branch="false"/>
								<line number="241" hits="81" branch="false"/>
							</lines>
						</method>
						<method name="setParent" signature="(Lhudson/scm/ChangeLogSet;)V" line-rate="1.0" branch-rate="1.0">
							<lines>
								<line number="313" hits="62" branch="false"/>
								<line number="314" hits="62" branch="false"/>
							</lines>
						</method>
						<method name="toString" signature="()Ljava/lang/String;" line-rate="1.0" branch-rate="1.0">
							<lines>
								<line number="327" hits="1" branch="false"/>
							</lines>
						</method>
					</methods>
					<lines>
						<line number="30" hits="114" branch="false"/>
						<line number="63" hits="111" branch="false"/>
						<line number="67" hits="111" branch="false"/>
						<line number="71" hits="111" branch="false"/>
						<line number="82" hits="0" branch="false"/>
						<line number="91" hits="0" branch="false"/>
						<line number="101" hits="2" branch="false"/>
						<line number="111" hits="0" branch="false"/>
						<line number="121" hits="235" branch="false"/>
						<line number="131" hits="0" branch="false"/>
						<line number="141" hits="0" branch="false"/>
						<line number="151" hits="0" branch="false"/>
						<line number="163" hits="1" branch="false"/>
						<line number="174" hits="108" branch="false"/>
						<line number="175" hits="108" branch="false"/>
						<line number="185" hits="81" branch="false"/>
						<line number="186" hits="81" branch="false"/>
						<line number="196" hits="108" branch="false"/>
						<line number="197" hits="108" branch="false"/>
						<line number="207" hits="109" branch="false"/>
						<line number="208" hits="109" branch="false"/>
						<line number="218" hits="108" branch="false"/>
						<line number="219" hits="108" branch="false"/>
						<line number="229" hits="108" branch="false"/>
						<line number="230" hits="108" branch="false"/>
						<line number="240" hits="81" branch="false"/>
						<line number="241" hits="81" branch="false"/>
						<line number="250" hits="1" branch="false"/>
						<line number="266" hits="66" branch="false"/>
						<line number="276" hits="58" branch="false"/>
						<line number="286" hits="94" branch="false"/>
						<line number="296" hits="7" branch="true" condition-coverage="100% (2/2)">
							<conditions>
								<condition number="0" type="jump" coverage="100%"/>
							</conditions>
						</line>
						<line number="297" hits="2" branch="false"/>
						<line number="300" hits="5" branch="true" condition-coverage="100% (2/2)">
							<conditions>
								<condition number="0" type="jump" coverage="100%"/>
							</conditions>
						</line>
						<line number="301" hits="2" branch="false"/>
						<line number="304" hits="3" branch="true" condition-coverage="100% (2/2)">
							<conditions>
								<condition number="0" type="jump" coverage="100%"/>
							</conditions>
						</line>
						<line number="305" hits="2" branch="false"/>
						<line number="308" hits="1" branch="false"/>
						<line number="313" hits="62" branch="false"/>
						<line number="314" hits="62" branch="false"/>
						<line number="322" hits="1" branch="false"/>
						<line number="327" hits="1" branch="false"/>
						<line number="342" hits="14" branch="false"/>
						<line number="358" hits="54" branch="true" condition-coverage="100% (2/2)">
							<conditions>
								<condition number="0" type="jump" coverage="100%"/>
							</conditions>
						</line>
						<line number="359" hits="1" branch="false"/>
						<line number="362" hits="53" branch="false"/>
						<line number="364" hits="53" branch="true" condition-coverage="100% (2/2)">
							<conditions>
								<condition number="0" type="jump" coverage="100%"/>
							</conditions>
						</line>
						<line number="365" hits="5" branch="false"/>
						<line number="368" hits="48" branch="true" condition-coverage="100% (2/2)">
							<conditions>
								<condition number="0" type="jump" coverage="100%"/>
							</conditions>
						</line>
						<line number="369" hits="1" branch="false"/>
						<line number="372" hits="47" branch="true" condition-coverage="100% (2/2)">
							<conditions>
								<condition number="0" type="jump" coverage="100%"/>
							</conditions>
						</line>
						<line number="373" hits="1" branch="false"/>
						<line number="376" hits="46" branch="true" condition-coverage="100% (2/2)">
							<conditions>
								<condition number="0" type="jump" coverage="100%"/>
							</conditions>
						</line>
						<line number="377" hits="1" branch="false"/>
						<line number="380" hits="45" branch="true" condition-coverage="100% (2/2)">
							<conditions>
								<condition number="0" type="jump" coverage="100%"/>
							</conditions>
						</line>
						<line number="381" hits="1" branch="false"/>
						<line number="384" hits="44" branch="true" condition-coverage="100% (2/2)">
							<conditions>
								<condition number="0" type="jump" coverage="100%"/>
							</conditions>
						</line>
						<line number="385" hits="1" branch="false"/>
						<line number="388" hits="43" branch="true" condition-coverage="100% (2/2)">
							<conditions>
								<condition number="0" type="jump" coverage="100%"/>
							</conditions>
						</line>
						<line number="389" hits="1" branch="false"/>
						<line number="392" hits="42" branch="true" condition-coverage="100% (2/2)">
							<conditions>
								<condition number="0" type="jump" coverage="100%"/>
							</conditions>
						</line>
						<line number="393" hits="1" branch="false"/>
						<line number="396" hits="41" branch="true" condition-coverage="100% (2/2)">
							<conditions>
								<condition number="0" type="jump" coverage="100%"/>
							</conditions>
						</line>
						<line number="397" hits="1" branch="false"/>
						<line number="400" hits="40" branch="true" condition-coverage="100% (2/2)">
							<conditions>
								<condition number="0" type="jump" coverage="100%"/>
							</conditions>
						</line>
						<line number="401" hits="1" branch="false"/>
						<line number="404" hits="39" branch="false"/>
						<line number="415" hits="449" branch="true" condition-coverage="83% (5/6)">
							<conditions>
								<condition number="0" type="jump" coverage="100%"/>
								<condition number="1" type="jump" coverage="50%"/>
								<condition number="2" type="jump" coverage="100%"/>
							</conditions>
						</line>
					</lines>
				</class>
				<class name="org.jenkinsci.plugins.darcs.DarcsChangeSet$1" filename="org/jenkinsci/plugins/darcs/DarcsChangeSet.java" line-rate="1.0" branch-rate="1.0" complexity="2.111111111111111">
					<methods>
						<method name="&lt;init&gt;" signature="(Lorg/jenkinsci/plugins/darcs/DarcsChangeSet;)V" line-rate="1.0" branch-rate="1.0">
							<lines>
								<line number="250" hits="1" branch="false"/>
								<line number="252" hits="1" branch="false"/>
								<line number="253" hits="1" branch="false"/>
								<line number="254" hits="1" branch="false"/>
								<line number="255" hits="1" branch="false"/>
							</lines>
						</method>
					</methods>
					<lines>
						<line number="250" hits="1" branch="false"/>
						<line number="252" hits="1" branch="false"/>
						<line number="253" hits="1" branch="false"/>
						<line number="254" hits="1" branch="false"/>
						<line number="255" hits="1" branch="false"/>
					</lines>
				</class>
				<class name="org.jenkinsci.plugins.darcs.DarcsChangeSetList" filename="org/jenkinsci/plugins/darcs/DarcsChangeSetList.java" line-rate="0.926829268292683" branch-rate="0.9285714285714286" complexity="1.6428571428571428">
					<methods>
						<method name="&lt;init&gt;" signature="()V" line-rate="1.0" branch-rate="1.0">
							<lines>
								<line number="53" hits="1" branch="false"/>
								<line number="54" hits="1" branch="false"/>
							</lines>
						</method>
						<method name="&lt;init&gt;" signature="(Lhudson/model/AbstractBuild;Ljava/util/List;)V" line-rate="1.0" branch-rate="1.0">
							<lines>
								<line number="73" hits="23" branch="false"/>
								<line number="76" hits="23" branch="false"/>
								<line number="81" hits="23" branch="false"/>
								<line number="83" hits="23" branch="true" condition-coverage="100% (2/2)">
									<conditions>
										<condition number="0" type="jump" coverage="100%"/>
									</conditions>
								</line>
								<line number="84" hits="62" branch="false"/>
								<line number="86" hits="23" branch="false"/>
							</lines>
						</method>
						<method name="&lt;init&gt;" signature="(Ljava/util/List;)V" line-rate="1.0" branch-rate="1.0">
							<lines>
								<line number="62" hits="20" branch="false"/>
								<line number="63" hits="20" branch="false"/>
							</lines>
						</method>
						<method name="calcDigest" signature="()Ljava/lang/String;" line-rate="0.8823529411764706" branch-rate="1.0">
							<lines>
								<line number="138" hits="18" branch="false"/>
								<line number="141" hits="18" branch="false"/>
								<line number="142" hits="18" branch="false"/>
								<line number="144" hits="18" branch="true" condition-coverage="100% (2/2)">
									<conditions>
										<condition number="0" type="jump" coverage="100%"/>
									</conditions>
								</line>
								<line number="145" hits="4" branch="false"/>
								<line number="147" hits="14" branch="true" condition-coverage="100% (2/2)">
									<conditions>
										<condition number="0" type="jump" coverage="100%"/>
									</conditions>
								</line>
								<line number="148" hits="35" branch="false"/>
								<line number="152" hits="18" branch="false"/>
								<line number="154" hits="306" branch="true" condition-coverage="100% (2/2)">
									<conditions>
										<condition number="0" type="jump" coverage="100%"/>
									</conditions>
								</line>
								<line number="155" hits="288" branch="false"/>
								<line number="157" hits="288" branch="true" condition-coverage="100% (2/2)">
									<conditions>
										<condition number="0" type="jump" coverage="100%"/>
									</conditions>
								</line>
								<line number="158" hits="33" branch="false"/>
								<line number="161" hits="288" branch="false"/>
								<line number="163" hits="0" branch="false"/>
								<line number="164" hits="0" branch="false"/>
								<line number="165" hits="18" branch="false"/>
								<line number="167" hits="18" branch="false"/>
							</lines>
						</method>
						<method name="digest" signature="()Ljava/lang/String;" line-rate="1.0" branch-rate="1.0">
							<lines>
								<line number="178" hits="58" branch="true" condition-coverage="100% (2/2)">
									<conditions>
										<condition number="0" type="jump" coverage="100%"/>
									</conditions>
								</line>
								<line number="179" hits="18" branch="false"/>
								<line number="182" hits="58" branch="false"/>
							</lines>
						</method>
						<method name="equals" signature="(Ljava/lang/Object;)Z" line-rate="0.75" branch-rate="0.5">
							<lines>
								<line number="187" hits="13" branch="true" condition-coverage="50% (1/2)">
									<conditions>
										<condition number="0" type="jump" coverage="50%"/>
									</conditions>
								</line>
								<line number="188" hits="0" branch="false"/>
								<line number="191" hits="13" branch="false"/>
								<line number="192" hits="13" branch="false"/>
							</lines>
						</method>
						<method name="getChangeSets" signature="()Ljava/util/List;" line-rate="1.0" branch-rate="1.0">
							<lines>
								<line number="117" hits="40" branch="false"/>
							</lines>
						</method>
						<method name="getKind" signature="()Ljava/lang/String;" line-rate="1.0" branch-rate="1.0">
							<lines>
								<line number="127" hits="1" branch="false"/>
							</lines>
						</method>
						<method name="hashCode" signature="()I" line-rate="1.0" branch-rate="1.0">
							<lines>
								<line number="197" hits="22" branch="false"/>
							</lines>
						</method>
						<method name="isEmptySet" signature="()Z" line-rate="1.0" branch-rate="1.0">
							<lines>
								<line number="90" hits="20" branch="false"/>
							</lines>
						</method>
						<method name="iterator" signature="()Ljava/util/Iterator;" line-rate="1.0" branch-rate="1.0">
							<lines>
								<line number="99" hits="14" branch="false"/>
							</lines>
						</method>
						<method name="size" signature="()I" line-rate="1.0" branch-rate="1.0">
							<lines>
								<line number="108" hits="4" branch="false"/>
							</lines>
						</method>
						<method name="toString" signature="()Ljava/lang/String;" line-rate="1.0" branch-rate="1.0">
							<lines>
								<line number="202" hits="2" branch="false"/>
							</lines>
						</method>
					</methods>
					<lines>
						<line number="53" hits="1" branch="false"/>
						<line number="54" hits="1" branch="false"/>
						<line number="62" hits="20" branch="false"/>
						<line number="63" hits="20" branch="false"/>
						<line number="73" hits="23" branch="false"/>
						<line number="76" hits="23" branch="false"/>
						<line number="81" hits="23" branch="false"/>
						<line number="83" hits="23" branch="true" condition-coverage="100% (2/2)">
							<conditions>
								<condition number="0" type="jump" coverage="100%"/>
							</conditions>
						</line>
						<line number="84" hits="62" branch="false"/>
						<line number="86" hits="23" branch="false"/>
						<line number="90" hits="20" branch="false"/>
						<line number="99" hits="14" branch="false"/>
						<line number="108" hits="4" branch="false"/>
						<line number="117" hits="40" branch="false"/>
						<line number="127" hits="1" branch="false"/>
						<line number="138" hits="18" branch="false"/>
						<line number="141" hits="18" branch="false"/>
						<line number="142" hits="18" branch="false"/>
						<line number="144" hits="18" branch="true" condition-coverage="100% (2/2)">
							<conditions>
								<condition number="0" type="jump" coverage="100%"/>
							</conditions>
						</line>
						<line number="145" hits="4" branch="false"/>
						<line number="147" hits="14" branch="true" condition-coverage="100% (2/2)">
							<conditions>
								<condition number="0" type="jump" coverage="100%"/>
							</conditions>
						</line>
						<line number="148" hits="35" branch="false"/>
						<line number="152" hits="18" branch="false"/>
						<line number="154" hits="306" branch="true" condition-coverage="100% (2/2)">
							<conditions>
								<condition number="0" type="jump" coverage="100%"/>
							</conditions>
						</line>
						<line number="155" hits="288" branch="false"/>
						<line number="157" hits="288" branch="true" condition-coverage="100% (2/2)">
							<conditions>
								<condition number="0" type="jump" coverage="100%"/>
							</conditions>
						</line>
						<line number="158" hits="33" branch="false"/>
						<line number="161" hits="288" branch="false"/>
						<line number="163" hits="0" branch="false"/>
						<line number="164" hits="0" branch="false"/>
						<line number="165" hits="18" branch="false"/>
						<line number="167" hits="18" branch="false"/>
						<line number="178" hits="58" branch="true" condition-coverage="100% (2/2)">
							<conditions>
								<condition number="0" type="jump" coverage="100%"/>
							</conditions>
						</line>
						<line number="179" hits="18" branch="false"/>
						<line number="182" hits="58" branch="false"/>
						<line number="187" hits="13" branch="true" condition-coverage="50% (1/2)">
							<conditions>
								<condition number="0" type="jump" coverage="50%"/>
							</conditions>
						</line>
						<line number="188" hits="0" branch="false"/>
						<line number="191" hits="13" branch="false"/>
						<line number="192" hits="13" branch="false"/>
						<line number="197" hits="22" branch="false"/>
						<line number="202" hits="2" branch="false"/>
					</lines>
				</class>
				<class name="org.jenkinsci.plugins.darcs.DarcsChangeSetList$1" filename="org/jenkinsci/plugins/darcs/DarcsChangeSetList.java" line-rate="1.0" branch-rate="1.0" complexity="1.6428571428571428">
					<methods>
						<method name="&lt;init&gt;" signature="(Lorg/jenkinsci/plugins/darcs/DarcsChangeSetList;)V" line-rate="1.0" branch-rate="1.0">
							<lines>
							</lines>
						</method>
						<method name="compare" signature="(Ljava/lang/Object;Ljava/lang/Object;)I" line-rate="1.0" branch-rate="1.0">
							<lines>
								<line number="76" hits="121" branch="false"/>
							</lines>
						</method>
						<method name="compare" signature="(Lorg/jenkinsci/plugins/darcs/DarcsChangeSet;Lorg/jenkinsci/plugins/darcs/DarcsChangeSet;)I" line-rate="1.0" branch-rate="1.0">
							<lines>
								<line number="78" hits="98" branch="false"/>
							</lines>
						</method>
					</methods>
					<lines>
						<line number="76" hits="121" branch="false"/>
						<line number="78" hits="98" branch="false"/>
					</lines>
				</class>
				<class name="org.jenkinsci.plugins.darcs.DarcsCmd" filename="org/jenkinsci/plugins/darcs/DarcsCmd.java" line-rate="0.0" branch-rate="0.0" complexity="2.5">
					<methods>
						<method name="&lt;init&gt;" signature="(Lhudson/Launcher;Ljava/util/Map;Ljava/lang/String;Lhudson/FilePath;)V" line-rate="0.0" branch-rate="1.0">
							<lines>
								<line number="69" hits="0" branch="false"/>
								<line number="70" hits="0" branch="false"/>
								<line number="71" hits="0" branch="false"/>
								<line number="72" hits="0" branch="false"/>
								<line number="73" hits="0" branch="false"/>
								<line number="74" hits="0" branch="false"/>
							</lines>
						</method>
						<method name="allChanges" signature="(Ljava/lang/String;)Ljava/io/ByteArrayOutputStream;" line-rate="0.0" branch-rate="1.0">
							<lines>
								<line number="99" hits="0" branch="false"/>
							</lines>
						</method>
						<method name="allSummarizedChanges" signature="(Ljava/lang/String;)Ljava/io/ByteArrayOutputStream;" line-rate="0.0" branch-rate="1.0">
							<lines>
								<line number="95" hits="0" branch="false"/>
							</lines>
						</method>
						<method name="countChanges" signature="(Ljava/lang/String;)I" line-rate="0.0" branch-rate="0.0">
							<lines>
								<line number="140" hits="0" branch="false"/>
								<line number="141" hits="0" branch="false"/>
								<line number="146" hits="0" branch="false"/>
								<line number="147" hits="0" branch="false"/>
								<line number="148" hits="0" branch="false"/>
								<line number="151" hits="0" branch="false"/>
								<line number="153" hits="0" branch="true" condition-coverage="0% (0/2)">
									<conditions>
										<condition number="0" type="jump" coverage="0%"/>
									</conditions>
								</line>
								<line number="154" hits="0" branch="false"/>
								<line number="156" hits="0" branch="false"/>
								<line number="157" hits="0" branch="false"/>
								<line number="158" hits="0" branch="false"/>
								<line number="160" hits="0" branch="false"/>
							</lines>
						</method>
						<method name="createProc" signature="(Lhudson/util/ArgumentListBuilder;)Lhudson/Launcher$ProcStarter;" line-rate="0.0" branch-rate="1.0">
							<lines>
								<line number="83" hits="0" branch="false"/>
								<line number="84" hits="0" branch="false"/>
								<line number="85" hits="0" branch="false"/>
								<line number="86" hits="0" branch="false"/>
								<line number="87" hits="0" branch="false"/>
							</lines>
						</method>
						<method name="get" signature="(Ljava/lang/String;Ljava/lang/String;)V" line-rate="0.0" branch-rate="0.0">
							<lines>
								<line number="194" hits="0" branch="false"/>
								<line number="195" hits="0" branch="false"/>
								<line number="201" hits="0" branch="false"/>
								<line number="202" hits="0" branch="false"/>
								<line number="203" hits="0" branch="false"/>
								<line number="205" hits="0" branch="true" condition-coverage="0% (0/2)">
									<conditions>
										<condition number="0" type="jump" coverage="0%"/>
									</conditions>
								</line>
								<line number="206" hits="0" branch="false"/>
								<line number="209" hits="0" branch="false"/>
								<line number="210" hits="0" branch="false"/>
								<line number="211" hits="0" branch="false"/>
								<line number="212" hits="0" branch="false"/>
							</lines>
						</method>
						<method name="getChanges" signature="(Ljava/lang/String;Z)Ljava/io/ByteArrayOutputStream;" line-rate="0.0" branch-rate="1.0">
							<lines>
								<line number="103" hits="0" branch="false"/>
							</lines>
						</method>
						<method name="getChanges" signature="(Ljava/lang/String;ZI)Ljava/io/ByteArrayOutputStream;" line-rate="0.0" branch-rate="0.0">
							<lines>
								<line number="108" hits="0" branch="false"/>
								<line number="109" hits="0" branch="false"/>
								<line number="114" hits="0" branch="true" condition-coverage="0% (0/2)">
									<conditions>
										<condition number="0" type="jump" coverage="0%"/>
									</conditions>
								</line>
								<line number="115" hits="0" branch="false"/>
								<line number="118" hits="0" branch="true" condition-coverage="0% (0/2)">
									<conditions>
										<condition number="0" type="jump" coverage="0%"/>
									</conditions>
								</line>
								<line number="119" hits="0" branch="false"/>
								<line number="122" hits="0" branch="false"/>
								<line number="123" hits="0" branch="false"/>
								<line number="124" hits="0" branch="false"/>
								<line number="127" hits="0" branch="false"/>
								<line number="129" hits="0" branch="true" condition-coverage="0% (0/2)">
									<conditions>
										<condition number="0" type="jump" coverage="0%"/>
									</conditions>
								</line>
								<line number="130" hits="0" branch="false"/>
								<line number="132" hits="0" branch="false"/>
								<line number="133" hits="0" branch="false"/>
								<line number="134" hits="0" branch="false"/>
								<line number="136" hits="0" branch="false"/>
							</lines>
						</method>
						<method name="lastSummarizedChanges" signature="(Ljava/lang/String;I)Ljava/io/ByteArrayOutputStream;" line-rate="0.0" branch-rate="1.0">
							<lines>
								<line number="91" hits="0" branch="false"/>
							</lines>
						</method>
						<method name="pull" signature="(Ljava/lang/String;Ljava/lang/String;)V" line-rate="0.0" branch-rate="0.0">
							<lines>
								<line number="164" hits="0" branch="false"/>
								<line number="165" hits="0" branch="false"/>
								<line number="173" hits="0" branch="false"/>
								<line number="174" hits="0" branch="false"/>
								<line number="175" hits="0" branch="false"/>
								<line number="177" hits="0" branch="true" condition-coverage="0% (0/2)">
									<conditions>
										<condition number="0" type="jump" coverage="0%"/>
									</conditions>
								</line>
								<line number="178" hits="0" branch="false"/>
								<line number="181" hits="0" branch="false"/>
								<line number="182" hits="0" branch="false"/>
								<line number="183" hits="0" branch="false"/>
								<line number="184" hits="0" branch="false"/>
							</lines>
						</method>
					</methods>
					<lines>
						<line number="69" hits="0" branch="false"/>
						<line number="70" hits="0" branch="false"/>
						<line number="71" hits="0" branch="false"/>
						<line number="72" hits="0" branch="false"/>
						<line number="73" hits="0" branch="false"/>
						<line number="74" hits="0" branch="false"/>
						<line number="83" hits="0" branch="false"/>
						<line number="84" hits="0" branch="false"/>
						<line number="85" hits="0" branch="false"/>
						<line number="86" hits="0" branch="false"/>
						<line number="87" hits="0" branch="false"/>
						<line number="91" hits="0" branch="false"/>
						<line number="95" hits="0" branch="false"/>
						<line number="99" hits="0" branch="false"/>
						<line number="103" hits="0" branch="false"/>
						<line number="108" hits="0" branch="false"/>
						<line number="109" hits="0" branch="false"/>
						<line number="114" hits="0" branch="true" condition-coverage="0% (0/2)">
							<conditions>
								<condition number="0" type="jump" coverage="0%"/>
							</conditions>
						</line>
						<line number="115" hits="0" branch="false"/>
						<line number="118" hits="0" branch="true" condition-coverage="0% (0/2)">
							<conditions>
								<condition number="0" type="jump" coverage="0%"/>
							</conditions>
						</line>
						<line number="119" hits="0" branch="false"/>
						<line number="122" hits="0" branch="false"/>
						<line number="123" hits="0" branch="false"/>
						<line number="124" hits="0" branch="false"/>
						<line number="127" hits="0" branch="false"/>
						<line number="129" hits="0" branch="true" condition-coverage="0% (0/2)">
							<conditions>
								<condition number="0" type="jump" coverage="0%"/>
							</conditions>
						</line>
						<line number="130" hits="0" branch="false"/>
						<line number="132" hits="0" branch="false"/>
						<line number="133" hits="0" branch="false"/>
						<line number="134" hits="0" branch="false"/>
						<line number="136" hits="0" branch="false"/>
						<line number="140" hits="0" branch="false"/>
						<line number="141" hits="0" branch="false"/>
						<line number="146" hits="0" branch="false"/>
						<line number="147" hits="0" branch="false"/>
						<line number="148" hits="0" branch="false"/>
						<line number="151" hits="0" branch="false"/>
						<line number="153" hits="0" branch="true" condition-coverage="0% (0/2)">
							<conditions>
								<condition number="0" type="jump" coverage="0%"/>
							</conditions>
						</line>
						<line number="154" hits="0" branch="false"/>
						<line number="156" hits="0" branch="false"/>
						<line number="157" hits="0" branch="false"/>
						<line number="158" hits="0" branch="false"/>
						<line number="160" hits="0" branch="false"/>
						<line number="164" hits="0" branch="false"/>
						<line number="165" hits="0" branch="false"/>
						<line number="173" hits="0" branch="false"/>
						<line number="174" hits="0" branch="false"/>
						<line number="175" hits="0" branch="false"/>
						<line number="177" hits="0" branch="true" condition-coverage="0% (0/2)">
							<conditions>
								<condition number="0" type="jump" coverage="0%"/>
							</conditions>
						</line>
						<line number="178" hits="0" branch="false"/>
						<line number="181" hits="0" branch="false"/>
						<line number="182" hits="0" branch="false"/>
						<line number="183" hits="0" branch="false"/>
						<line number="184" hits="0" branch="false"/>
						<line number="194" hits="0" branch="false"/>
						<line number="195" hits="0" branch="false"/>
						<line number="201" hits="0" branch="false"/>
						<line number="202" hits="0" branch="false"/>
						<line number="203" hits="0" branch="false"/>
						<line number="205" hits="0" branch="true" condition-coverage="0% (0/2)">
							<conditions>
								<condition number="0" type="jump" coverage="0%"/>
							</conditions>
						</line>
						<line number="206" hits="0" branch="false"/>
						<line number="209" hits="0" branch="false"/>
						<line number="210" hits="0" branch="false"/>
						<line number="211" hits="0" branch="false"/>
						<line number="212" hits="0" branch="false"/>
					</lines>
				</class>
				<class name="org.jenkinsci.plugins.darcs.DarcsCmd$DarcsCmdException" filename="org/jenkinsci/plugins/darcs/DarcsCmd.java" line-rate="0.0" branch-rate="1.0" complexity="2.5">
					<methods>
						<method name="&lt;init&gt;" signature="(Ljava/lang/String;)V" line-rate="0.0" branch-rate="1.0">
							<lines>
								<line number="225" hits="0" branch="false"/>
								<line number="226" hits="0" branch="false"/>
							</lines>
						</method>
						<method name="&lt;init&gt;" signature="(Ljava/lang/String;Ljava/lang/Throwable;)V" line-rate="0.0" branch-rate="1.0">
							<lines>
								<line number="235" hits="0" branch="false"/>
								<line number="236" hits="0" branch="false"/>
							</lines>
						</method>
					</methods>
					<lines>
						<line number="225" hits="0" branch="false"/>
						<line number="226" hits="0" branch="false"/>
						<line number="235" hits="0" branch="false"/>
						<line number="236" hits="0" branch="false"/>
					</lines>
				</class>
				<class name="org.jenkinsci.plugins.darcs.DarcsRevisionState" filename="org/jenkinsci/plugins/darcs/DarcsRevisionState.java" line-rate="0.75" branch-rate="0.5" complexity="1.3333333333333333">
					<methods>
						<method name="&lt;init&gt;" signature="()V" line-rate="0.0" branch-rate="1.0">
							<lines>
								<line number="32" hits="0" branch="false"/>
								<line number="33" hits="0" branch="false"/>
							</lines>
						</method>
						<method name="&lt;init&gt;" signature="(Lorg/jenkinsci/plugins/darcs/DarcsChangeSetList;)V" line-rate="1.0" branch-rate="1.0">
							<lines>
								<line number="41" hits="7" branch="false"/>
								<line number="42" hits="7" branch="false"/>
								<line number="43" hits="7" branch="false"/>
							</lines>
						</method>
						<method name="equals" signature="(Ljava/lang/Object;)Z" line-rate="0.75" branch-rate="0.5">
							<lines>
								<line number="61" hits="4" branch="true" condition-coverage="50% (1/2)">
									<conditions>
										<condition number="0" type="jump" coverage="50%"/>
									</conditions>
								</line>
								<line number="62" hits="0" branch="false"/>
								<line number="65" hits="4" branch="false"/>
								<line number="66" hits="4" branch="false"/>
							</lines>
						</method>
						<method name="getChanges" signature="()Lorg/jenkinsci/plugins/darcs/DarcsChangeSetList;" line-rate="1.0" branch-rate="1.0">
							<lines>
								<line number="51" hits="10" branch="false"/>
							</lines>
						</method>
						<method name="hashCode" signature="()I" line-rate="1.0" branch-rate="1.0">
							<lines>
								<line number="71" hits="2" branch="false"/>
							</lines>
						</method>
						<method name="toString" signature="()Ljava/lang/String;" line-rate="1.0" branch-rate="1.0">
							<lines>
								<line number="56" hits="2" branch="false"/>
							</lines>
						</method>
					</methods>
					<lines>
						<line number="32" hits="0" branch="false"/>
						<line number="33" hits="0" branch="false"/>
						<line number="41" hits="7" branch="false"/>
						<line number="42" hits="7" branch="false"/>
						<line number="43" hits="7" branch="false"/>
						<line number="51" hits="10" branch="false"/>
						<line number="56" hits="2" branch="false"/>
						<line number="61" hits="4" branch="true" condition-coverage="50% (1/2)">
							<conditions>
								<condition number="0" type="jump" coverage="50%"/>
							</conditions>
						</line>
						<line number="62" hits="0" branch="false"/>
						<line number="65" hits="4" branch="false"/>
						<line number="66" hits="4" branch="false"/>
						<line number="71" hits="2" branch="false"/>
					</lines>
				</class>
				<class name="org.jenkinsci.plugins.darcs.DarcsSaxHandler" filename="org/jenkinsci/plugins/darcs/DarcsSaxHandler.java" line-rate="0.8695652173913043" branch-rate="0.7948717948717948" complexity="2.3333333333333335">
					<methods>
						<method name="&lt;clinit&gt;" signature="()V" line-rate="1.0" branch-rate="1.0">
							<lines>
								<line number="31" hits="1" branch="false"/>
							</lines>
						</method>
						<method name="&lt;init&gt;" signature="()V" line-rate="1.0" branch-rate="1.0">
							<lines>
								<line number="241" hits="3" branch="false"/>
								<line number="245" hits="3" branch="false"/>
								<line number="251" hits="3" branch="false"/>
								<line number="252" hits="3" branch="false"/>
							</lines>
						</method>
						<method name="characters" signature="([CII)V" line-rate="1.0" branch-rate="1.0">
							<lines>
								<line number="406" hits="3236" branch="true" condition-coverage="100% (2/2)">
									<conditions>
										<condition number="0" type="jump" coverage="100%"/>
									</conditions>
								</line>
								<line number="407" hits="2940" branch="true" condition-coverage="100% (4/4)">
									<conditions>
										<condition number="0" type="jump" coverage="100%"/>
										<condition number="1" type="jump" coverage="100%"/>
									</conditions>
								</line>
								<line number="408" hits="898" branch="false"/>
								<line number="411" hits="2042" branch="false"/>
								<line number="413" hits="296" branch="false"/>
							</lines>
						</method>
						<method name="endDocument" signature="()V" line-rate="1.0" branch-rate="1.0">
							<lines>
								<line number="274" hits="3" branch="false"/>
								<line number="275" hits="3" branch="false"/>
							</lines>
						</method>
						<method name="endElement" signature="(Ljava/lang/String;Ljava/lang/String;Ljava/lang/String;)V" line-rate="1.0" branch-rate="0.75">
							<lines>
								<line number="324" hits="160" branch="false"/>
								<line number="326" hits="160" branch="true" condition-coverage="75% (6/8)">
									<conditions>
										<condition number="0" type="switch" coverage="75%"/>
									</conditions>
								</line>
								<line number="328" hits="24" branch="false"/>
								<line number="329" hits="24" branch="false"/>
								<line number="331" hits="24" branch="false"/>
								<line number="332" hits="24" branch="false"/>
								<line number="334" hits="24" branch="false"/>
								<line number="335" hits="24" branch="false"/>
								<line number="336" hits="24" branch="false"/>
								<line number="339" hits="8" branch="false"/>
								<line number="340" hits="8" branch="false"/>
								<line number="343" hits="2" branch="false"/>
								<line number="344" hits="2" branch="false"/>
								<line number="346" hits="78" branch="false"/>
								<line number="349" hits="160" branch="false"/>
								<line number="350" hits="160" branch="false"/>
							</lines>
						</method>
						<method name="error" signature="(Lorg/xml/sax/SAXParseException;)V" line-rate="0.0" branch-rate="1.0">
							<lines>
								<line number="417" hits="0" branch="false"/>
								<line number="418" hits="0" branch="false"/>
							</lines>
						</method>
						<method name="fatalError" signature="(Lorg/xml/sax/SAXParseException;)V" line-rate="0.0" branch-rate="1.0">
							<lines>
								<line number="422" hits="0" branch="false"/>
								<line number="423" hits="0" branch="false"/>
							</lines>
						</method>
						<method name="getChangeSets" signature="()Ljava/util/List;" line-rate="1.0" branch-rate="1.0">
							<lines>
								<line number="269" hits="2" branch="false"/>
							</lines>
						</method>
						<method name="isReady" signature="()Z" line-rate="1.0" branch-rate="1.0">
							<lines>
								<line number="260" hits="2" branch="false"/>
							</lines>
						</method>
						<method name="isWhiteSpace" signature="(C)Z" line-rate="1.0" branch-rate="0.4">
							<lines>
								<line number="381" hits="2940" branch="true" condition-coverage="40% (2/5)">
									<conditions>
										<condition number="0" type="switch" coverage="40%"/>
									</conditions>
								</line>
								<line number="386" hits="1006" branch="false"/>
								<line number="388" hits="1934" branch="false"/>
							</lines>
						</method>
						<method name="recognizeTag" signature="(Ljava/lang/String;)V" line-rate="0.8" branch-rate="0.5">
							<lines>
								<line number="285" hits="320" branch="false"/>
								<line number="287" hits="320" branch="true" condition-coverage="50% (1/2)">
									<conditions>
										<condition number="0" type="jump" coverage="50%"/>
									</conditions>
								</line>
								<line number="288" hits="0" branch="false"/>
								<line number="290" hits="320" branch="false"/>
								<line number="292" hits="320" branch="false"/>
							</lines>
						</method>
						<method name="skipWhiteSpace" signature="()Z" line-rate="1.0" branch-rate="1.0">
							<lines>
								<line number="401" hits="1006" branch="true" condition-coverage="100% (4/4)">
									<conditions>
										<condition number="0" type="jump" coverage="100%"/>
										<condition number="1" type="jump" coverage="100%"/>
									</conditions>
								</line>
							</lines>
						</method>
						<method name="startElement" signature="(Ljava/lang/String;Ljava/lang/String;Ljava/lang/String;Lorg/xml/sax/Attributes;)V" line-rate="0.8888888888888888" branch-rate="0.8">
							<lines>
								<line number="296" hits="160" branch="true" condition-coverage="100% (2/2)">
									<conditions>
										<condition number="0" type="jump" coverage="100%"/>
									</conditions>
								</line>
								<line number="297" hits="22" branch="false"/>
								<line number="300" hits="160" branch="false"/>
								<line number="302" hits="160" branch="true" condition-coverage="100% (2/2)">
									<conditions>
										<condition number="0" type="jump" coverage="100%"/>
									</conditions>
								</line>
								<line number="303" hits="24" branch="false"/>
								<line number="304" hits="24" branch="false"/>
								<line number="305" hits="24" branch="false"/>
								<line number="306" hits="24" branch="false"/>
								<line number="307" hits="24" branch="false"/>
								<line number="309" hits="24" branch="true" condition-coverage="100% (2/2)">
									<conditions>
										<condition number="0" type="jump" coverage="100%"/>
									</conditions>
								</line>
								<line number="310" hits="2" branch="false"/>
								<line number="311" hits="22" branch="true" condition-coverage="50% (1/2)">
									<conditions>
										<condition number="0" type="jump" coverage="50%"/>
									</conditions>
								</line>
								<line number="312" hits="22" branch="false"/>
								<line number="314" hits="136" branch="true" condition-coverage="50% (1/2)">
									<conditions>
										<condition number="0" type="jump" coverage="50%"/>
									</conditions>
								</line>
								<line number="315" hits="0" branch="false"/>
								<line number="316" hits="0" branch="false"/>
								<line number="319" hits="160" branch="false"/>
								<line number="320" hits="160" branch="false"/>
							</lines>
						</method>
						<method name="stripIgnoreThisFromComment" signature="(Ljava/lang/String;)Ljava/lang/String;" line-rate="1.0" branch-rate="1.0">
							<lines>
								<line number="361" hits="30" branch="true" condition-coverage="100% (2/2)">
									<conditions>
										<condition number="0" type="jump" coverage="100%"/>
									</conditions>
								</line>
								<line number="362" hits="28" branch="false"/>
								<line number="364" hits="28" branch="true" condition-coverage="100% (2/2)">
									<conditions>
										<condition number="0" type="jump" coverage="100%"/>
									</conditions>
								</line>
								<line number="365" hits="22" branch="false"/>
								<line number="368" hits="6" branch="false"/>
								<line number="371" hits="2" branch="false"/>
							</lines>
						</method>
						<method name="warning" signature="(Lorg/xml/sax/SAXParseException;)V" line-rate="0.0" branch-rate="1.0">
							<lines>
								<line number="427" hits="0" branch="false"/>
								<line number="428" hits="0" branch="false"/>
							</lines>
						</method>
					</methods>
					<lines>
						<line number="31" hits="1" branch="false"/>
						<line number="241" hits="3" branch="false"/>
						<line number="245" hits="3" branch="false"/>
						<line number="251" hits="3" branch="false"/>
						<line number="252" hits="3" branch="false"/>
						<line number="260" hits="2" branch="false"/>
						<line number="269" hits="2" branch="false"/>
						<line number="274" hits="3" branch="false"/>
						<line number="275" hits="3" branch="false"/>
						<line number="285" hits="320" branch="false"/>
						<line number="287" hits="320" branch="true" condition-coverage="50% (1/2)">
							<conditions>
								<condition number="0" type="jump" coverage="50%"/>
							</conditions>
						</line>
						<line number="288" hits="0" branch="false"/>
						<line number="290" hits="320" branch="false"/>
						<line number="292" hits="320" branch="false"/>
						<line number="296" hits="160" branch="true" condition-coverage="100% (2/2)">
							<conditions>
								<condition number="0" type="jump" coverage="100%"/>
							</conditions>
						</line>
						<line number="297" hits="22" branch="false"/>
						<line number="300" hits="160" branch="false"/>
						<line number="302" hits="160" branch="true" condition-coverage="100% (2/2)">
							<conditions>
								<condition number="0" type="jump" coverage="100%"/>
							</conditions>
						</line>
						<line number="303" hits="24" branch="false"/>
						<line number="304" hits="24" branch="false"/>
						<line number="305" hits="24" branch="false"/>
						<line number="306" hits="24" branch="false"/>
						<line number="307" hits="24" branch="false"/>
						<line number="309" hits="24" branch="true" condition-coverage="100% (2/2)">
							<conditions>
								<condition number="0" type="jump" coverage="100%"/>
							</conditions>
						</line>
						<line number="310" hits="2" branch="false"/>
						<line number="311" hits="22" branch="true" condition-coverage="50% (1/2)">
							<conditions>
								<condition number="0" type="jump" coverage="50%"/>
							</conditions>
						</line>
						<line number="312" hits="22" branch="false"/>
						<line number="314" hits="136" branch="true" condition-coverage="50% (1/2)">
							<conditions>
								<condition number="0" type="jump" coverage="50%"/>
							</conditions>
						</line>
						<line number="315" hits="0" branch="false"/>
						<line number="316" hits="0" branch="false"/>
						<line number="319" hits="160" branch="false"/>
						<line number="320" hits="160" branch="false"/>
						<line number="324" hits="160" branch="false"/>
						<line number="326" hits="160" branch="true" condition-coverage="75% (6/8)">
							<conditions>
								<condition number="0" type="switch" coverage="75%"/>
							</conditions>
						</line>
						<line number="328" hits="24" branch="false"/>
						<line number="329" hits="24" branch="false"/>
						<line number="331" hits="24" branch="false"/>
						<line number="332" hits="24" branch="false"/>
						<line number="334" hits="24" branch="false"/>
						<line number="335" hits="24" branch="false"/>
						<line number="336" hits="24" branch="false"/>
						<line number="339" hits="8" branch="false"/>
						<line number="340" hits="8" branch="false"/>
						<line number="343" hits="2" branch="false"/>
						<line number="344" hits="2" branch="false"/>
						<line number="346" hits="78" branch="false"/>
						<line number="349" hits="160" branch="false"/>
						<line number="350" hits="160" branch="false"/>
						<line number="361" hits="30" branch="true" condition-coverage="100% (2/2)">
							<conditions>
								<condition number="0" type="jump" coverage="100%"/>
							</conditions>
						</line>
						<line number="362" hits="28" branch="false"/>
						<line number="364" hits="28" branch="true" condition-coverage="100% (2/2)">
							<conditions>
								<condition number="0" type="jump" coverage="100%"/>
							</conditions>
						</line>
						<line number="365" hits="22" branch="false"/>
						<line number="368" hits="6" branch="false"/>
						<line number="371" hits="2" branch="false"/>
						<line number="381" hits="2940" branch="true" condition-coverage="40% (2/5)">
							<conditions>
								<condition number="0" type="switch" coverage="40%"/>
							</conditions>
						</line>
						<line number="386" hits="1006" branch="false"/>
						<line number="388" hits="1934" branch="false"/>
						<line number="401" hits="1006" branch="true" condition-coverage="100% (4/4)">
							<conditions>
								<condition number="0" type="jump" coverage="100%"/>
								<condition number="1" type="jump" coverage="100%"/>
							</conditions>
						</line>
						<line number="406" hits="3236" branch="true" condition-coverage="100% (2/2)">
							<conditions>
								<condition number="0" type="jump" coverage="100%"/>
							</conditions>
						</line>
						<line number="407" hits="2940" branch="true" condition-coverage="100% (4/4)">
							<conditions>
								<condition number="0" type="jump" coverage="100%"/>
								<condition number="1" type="jump" coverage="100%"/>
							</conditions>
						</line>
						<line number="408" hits="898" branch="false"/>
						<line number="411" hits="2042" branch="false"/>
						<line number="413" hits="296" branch="false"/>
						<line number="417" hits="0" branch="false"/>
						<line number="418" hits="0" branch="false"/>
						<line number="422" hits="0" branch="false"/>
						<line number="423" hits="0" branch="false"/>
						<line number="427" hits="0" branch="false"/>
						<line number="428" hits="0" branch="false"/>
					</lines>
				</class>
				<class name="org.jenkinsci.plugins.darcs.DarcsSaxHandler$1" filename="org/jenkinsci/plugins/darcs/DarcsSaxHandler.java" line-rate="1.0" branch-rate="1.0" complexity="2.3333333333333335">
					<methods>
						<method name="&lt;clinit&gt;" signature="()V" line-rate="1.0" branch-rate="1.0">
							<lines>
								<line number="326" hits="1" branch="false"/>
							</lines>
						</method>
					</methods>
					<lines>
						<line number="326" hits="1" branch="false"/>
					</lines>
				</class>
				<class name="org.jenkinsci.plugins.darcs.DarcsSaxHandler$DarcsChangelogTag" filename="org/jenkinsci/plugins/darcs/DarcsSaxHandler.java" line-rate="0.96" branch-rate="0.5" complexity="2.3333333333333335">
					<methods>
						<method name="&lt;clinit&gt;" signature="()V" line-rate="1.0" branch-rate="1.0">
							<lines>
								<line number="44" hits="3" branch="false"/>
								<line number="49" hits="1" branch="false"/>
								<line number="53" hits="1" branch="false"/>
								<line number="57" hits="1" branch="false"/>
								<line number="61" hits="1" branch="false"/>
								<line number="65" hits="1" branch="false"/>
								<line number="69" hits="1" branch="false"/>
								<line number="73" hits="1" branch="false"/>
								<line number="77" hits="1" branch="false"/>
								<line number="81" hits="1" branch="false"/>
								<line number="85" hits="1" branch="false"/>
								<line number="89" hits="1" branch="false"/>
								<line number="93" hits="1" branch="false"/>
								<line number="97" hits="1" branch="false"/>
								<line number="101" hits="1" branch="false"/>
								<line number="104" hits="14" branch="false"/>
								<line number="105" hits="13" branch="false"/>
								<line number="107" hits="1" branch="false"/>
							</lines>
						</method>
						<method name="&lt;init&gt;" signature="(Ljava/lang/String;ILjava/lang/String;)V" line-rate="1.0" branch-rate="1.0">
							<lines>
								<line number="118" hits="13" branch="false"/>
								<line number="119" hits="13" branch="false"/>
								<line number="120" hits="13" branch="false"/>
							</lines>
						</method>
						<method name="forTagName" signature="(Ljava/lang/String;)Lorg/jenkinsci/plugins/darcs/DarcsSaxHandler$DarcsChangelogTag;" line-rate="0.6666666666666666" branch-rate="0.5">
							<lines>
								<line number="138" hits="320" branch="true" condition-coverage="50% (1/2)">
									<conditions>
										<condition number="0" type="jump" coverage="50%"/>
									</conditions>
								</line>
								<line number="139" hits="320" branch="false"/>
								<line number="142" hits="0" branch="false"/>
							</lines>
						</method>
						<method name="getTagName" signature="()Ljava/lang/String;" line-rate="1.0" branch-rate="1.0">
							<lines>
								<line number="128" hits="13" branch="false"/>
							</lines>
						</method>
						<method name="valueOf" signature="(Ljava/lang/String;)Lorg/jenkinsci/plugins/darcs/DarcsSaxHandler$DarcsChangelogTag;" line-rate="1.0" branch-rate="1.0">
							<lines>
							</lines>
						</method>
						<method name="values" signature="()[Lorg/jenkinsci/plugins/darcs/DarcsSaxHandler$DarcsChangelogTag;" line-rate="1.0" branch-rate="1.0">
							<lines>
							</lines>
						</method>
					</methods>
					<lines>
						<line number="44" hits="3" branch="false"/>
						<line number="49" hits="1" branch="false"/>
						<line number="53" hits="1" branch="false"/>
						<line number="57" hits="1" branch="false"/>
						<line number="61" hits="1" branch="false"/>
						<line number="65" hits="1" branch="false"/>
						<line number="69" hits="1" branch="false"/>
						<line number="73" hits="1" branch="false"/>
						<line number="77" hits="1" branch="false"/>
						<line number="81" hits="1" branch="false"/>
						<line number="85" hits="1" branch="false"/>
						<line number="89" hits="1" branch="false"/>
						<line number="93" hits="1" branch="false"/>
						<line number="97" hits="1" branch="false"/>
						<line number="101" hits="1" branch="false"/>
						<line number="104" hits="14" branch="false"/>
						<line number="105" hits="13" branch="false"/>
						<line number="107" hits="1" branch="false"/>
						<line number="118" hits="13" branch="false"/>
						<line number="119" hits="13" branch="false"/>
						<line number="120" hits="13" branch="false"/>
						<line number="128" hits="13" branch="false"/>
						<line number="138" hits="320" branch="true" condition-coverage="50% (1/2)">
							<conditions>
								<condition number="0" type="jump" coverage="50%"/>
							</conditions>
						</line>
						<line number="139" hits="320" branch="false"/>
						<line number="142" hits="0" branch="false"/>
					</lines>
				</class>
				<class name="org.jenkinsci.plugins.darcs.DarcsSaxHandler$DarcsMoveTagAttribute" filename="org/jenkinsci/plugins/darcs/DarcsSaxHandler.java" line-rate="0.0" branch-rate="1.0" complexity="2.3333333333333335">
					<methods>
						<method name="&lt;clinit&gt;" signature="()V" line-rate="0.0" branch-rate="1.0">
							<lines>
								<line number="198" hits="0" branch="false"/>
								<line number="200" hits="0" branch="false"/>
								<line number="202" hits="0" branch="false"/>
							</lines>
						</method>
						<method name="&lt;init&gt;" signature="(Ljava/lang/String;ILjava/lang/String;)V" line-rate="0.0" branch-rate="1.0">
							<lines>
								<line number="213" hits="0" branch="false"/>
								<line number="214" hits="0" branch="false"/>
								<line number="215" hits="0" branch="false"/>
							</lines>
						</method>
						<method name="getName" signature="()Ljava/lang/String;" line-rate="0.0" branch-rate="1.0">
							<lines>
								<line number="223" hits="0" branch="false"/>
							</lines>
						</method>
						<method name="valueOf" signature="(Ljava/lang/String;)Lorg/jenkinsci/plugins/darcs/DarcsSaxHandler$DarcsMoveTagAttribute;" line-rate="1.0" branch-rate="1.0">
							<lines>
							</lines>
						</method>
						<method name="values" signature="()[Lorg/jenkinsci/plugins/darcs/DarcsSaxHandler$DarcsMoveTagAttribute;" line-rate="1.0" branch-rate="1.0">
							<lines>
							</lines>
						</method>
					</methods>
					<lines>
						<line number="198" hits="0" branch="false"/>
						<line number="200" hits="0" branch="false"/>
						<line number="202" hits="0" branch="false"/>
						<line number="213" hits="0" branch="false"/>
						<line number="214" hits="0" branch="false"/>
						<line number="215" hits="0" branch="false"/>
						<line number="223" hits="0" branch="false"/>
					</lines>
				</class>
				<class name="org.jenkinsci.plugins.darcs.DarcsSaxHandler$DarcsPatchTagAttribute" filename="org/jenkinsci/plugins/darcs/DarcsSaxHandler.java" line-rate="1.0" branch-rate="1.0" complexity="2.3333333333333335">
					<methods>
						<method name="&lt;clinit&gt;" signature="()V" line-rate="1.0" branch-rate="1.0">
							<lines>
								<line number="149" hits="1" branch="false"/>
								<line number="154" hits="1" branch="false"/>
								<line number="158" hits="1" branch="false"/>
								<line number="162" hits="1" branch="false"/>
								<line number="166" hits="1" branch="false"/>
								<line number="170" hits="1" branch="false"/>
							</lines>
						</method>
						<method name="&lt;init&gt;" signature="(Ljava/lang/String;ILjava/lang/String;)V" line-rate="1.0" branch-rate="1.0">
							<lines>
								<line number="181" hits="5" branch="false"/>
								<line number="182" hits="5" branch="false"/>
								<line number="183" hits="5" branch="false"/>
							</lines>
						</method>
						<method name="getName" signature="()Ljava/lang/String;" line-rate="1.0" branch-rate="1.0">
							<lines>
								<line number="191" hits="142" branch="false"/>
							</lines>
						</method>
						<method name="valueOf" signature="(Ljava/lang/String;)Lorg/jenkinsci/plugins/darcs/DarcsSaxHandler$DarcsPatchTagAttribute;" line-rate="1.0" branch-rate="1.0">
							<lines>
							</lines>
						</method>
						<method name="values" signature="()[Lorg/jenkinsci/plugins/darcs/DarcsSaxHandler$DarcsPatchTagAttribute;" line-rate="1.0" branch-rate="1.0">
							<lines>
							</lines>
						</method>
					</methods>
					<lines>
						<line number="149" hits="1" branch="false"/>
						<line number="154" hits="1" branch="false"/>
						<line number="158" hits="1" branch="false"/>
						<line number="162" hits="1" branch="false"/>
						<line number="166" hits="1" branch="false"/>
						<line number="170" hits="1" branch="false"/>
						<line number="181" hits="5" branch="false"/>
						<line number="182" hits="5" branch="false"/>
						<line number="183" hits="5" branch="false"/>
						<line number="191" hits="142" branch="false"/>
					</lines>
				</class>
				<class name="org.jenkinsci.plugins.darcs.DarcsScm" filename="org/jenkinsci/plugins/darcs/DarcsScm.java" line-rate="0.024" branch-rate="0.0" complexity="2.619047619047619">
					<methods>
						<method name="&lt;clinit&gt;" signature="()V" line-rate="1.0" branch-rate="1.0">
							<lines>
								<line number="63" hits="1" branch="false"/>
							</lines>
						</method>
						<method name="&lt;init&gt;" signature="(Ljava/lang/String;)V" line-rate="0.0" branch-rate="1.0">
							<lines>
								<line number="89" hits="0" branch="false"/>
								<line number="90" hits="0" branch="false"/>
							</lines>
						</method>
						<method name="&lt;init&gt;" signature="(Ljava/lang/String;Ljava/lang/String;ZLorg/jenkinsci/plugins/darcs/browsers/DarcsRepositoryBrowser;)V" line-rate="0.0" branch-rate="1.0">
							<lines>
								<line number="102" hits="0" branch="false"/>
								<line number="103" hits="0" branch="false"/>
								<line number="104" hits="0" branch="false"/>
								<line number="105" hits="0" branch="false"/>
								<line number="106" hits="0" branch="false"/>
								<line number="107" hits="0" branch="false"/>
							</lines>
						</method>
						<method name="addAliases" signature="()V" line-rate="1.0" branch-rate="1.0">
							<lines>
								<line number="443" hits="2" branch="false"/>
								<line number="445" hits="2" branch="false"/>
							</lines>
						</method>
						<method name="calcRevisionsFromBuild" signature="(Lhudson/model/AbstractBuild;Lhudson/Launcher;Lhudson/model/TaskListener;)Lhudson/scm/SCMRevisionState;" line-rate="0.0" branch-rate="0.0">
							<lines>
								<line number="154" hits="0" branch="false"/>
								<line number="155" hits="0" branch="false"/>
								<line number="157" hits="0" branch="true" condition-coverage="0% (0/2)">
									<conditions>
										<condition number="0" type="jump" coverage="0%"/>
									</conditions>
								</line>
								<line number="158" hits="0" branch="false"/>
								<line number="159" hits="0" branch="false"/>
								<line number="162" hits="0" branch="false"/>
								<line number="163" hits="0" branch="false"/>
							</lines>
						</method>
						<method name="checkout" signature="(Lhudson/model/AbstractBuild;Lhudson/Launcher;Lhudson/FilePath;Lhudson/model/BuildListener;Ljava/io/File;)Z" line-rate="0.0" branch-rate="0.0">
							<lines>
								<line number="301" hits="0" branch="false"/>
								<line number="302" hits="0" branch="false"/>
								<line number="311" hits="0" branch="true" condition-coverage="0% (0/4)">
									<conditions>
										<condition number="0" type="jump" coverage="0%"/>
										<condition number="1" type="jump" coverage="0%"/>
									</conditions>
								</line>
								<line number="312" hits="0" branch="false"/>
								<line number="314" hits="0" branch="false"/>
							</lines>
						</method>
						<method name="compareRemoteRevisionWith" signature="(Lhudson/model/AbstractProject;Lhudson/Launcher;Lhudson/FilePath;Lhudson/model/TaskListener;Lhudson/scm/SCMRevisionState;)Lhudson/scm/PollingResult;" line-rate="0.0" branch-rate="0.0">
							<lines>
								<line number="170" hits="0" branch="false"/>
								<line number="173" hits="0" branch="true" condition-coverage="0% (0/2)">
									<conditions>
										<condition number="0" type="jump" coverage="0%"/>
									</conditions>
								</line>
								<line number="174" hits="0" branch="false"/>
								<line number="175" hits="0" branch="true" condition-coverage="0% (0/4)">
									<conditions>
										<condition number="0" type="jump" coverage="0%"/>
										<condition number="1" type="jump" coverage="0%"/>
									</conditions>
								</line>
								<line number="176" hits="0" branch="false"/>
								<line number="178" hits="0" branch="false"/>
								<line number="181" hits="0" branch="true" condition-coverage="0% (0/4)">
									<conditions>
										<condition number="0" type="jump" coverage="0%"/>
										<condition number="1" type="jump" coverage="0%"/>
									</conditions>
								</line>
								<line number="182" hits="0" branch="false"/>
								<line number="185" hits="0" branch="false"/>
								<line number="187" hits="0" branch="false"/>
								<line number="191" hits="0" branch="false"/>
								<line number="193" hits="0" branch="false"/>
								<line number="196" hits="0" branch="true" condition-coverage="0% (0/2)">
									<conditions>
										<condition number="0" type="jump" coverage="0%"/>
									</conditions>
								</line>
								<line number="197" hits="0" branch="false"/>
								<line number="198" hits="0" branch="false"/>
								<line number="199" hits="0" branch="true" condition-coverage="0% (0/2)">
									<conditions>
										<condition number="0" type="jump" coverage="0%"/>
									</conditions>
								</line>
								<line number="202" hits="0" branch="false"/>
								<line number="203" hits="0" branch="false"/>
								<line number="204" hits="0" branch="true" condition-coverage="0% (0/4)">
									<conditions>
										<condition number="0" type="jump" coverage="0%"/>
										<condition number="1" type="jump" coverage="0%"/>
									</conditions>
								</line>
								<line number="205" hits="0" branch="false"/>
								<line number="207" hits="0" branch="true" condition-coverage="0% (0/2)">
									<conditions>
										<condition number="0" type="jump" coverage="0%"/>
									</conditions>
								</line>
								<line number="209" hits="0" branch="false"/>
								<line number="211" hits="0" branch="true" condition-coverage="0% (0/2)">
									<conditions>
										<condition number="0" type="jump" coverage="0%"/>
									</conditions>
								</line>
								<line number="217" hits="0" branch="true" condition-coverage="0% (0/2)">
									<conditions>
										<condition number="0" type="jump" coverage="0%"/>
									</conditions>
								</line>
								<line number="218" hits="0" branch="false"/>
								<line number="222" hits="0" branch="false"/>
								<line number="224" hits="0" branch="false"/>
								<line number="227" hits="0" branch="false"/>
							</lines>
						</method>
						<method name="countPatches" signature="(Lhudson/model/AbstractBuild;Lhudson/Launcher;Lhudson/FilePath;Lhudson/model/BuildListener;)I" line-rate="0.0" branch-rate="1.0">
							<lines>
								<line number="332" hits="0" branch="false"/>
								<line number="333" hits="0" branch="false"/>
								<line number="334" hits="0" branch="false"/>
								<line number="335" hits="0" branch="false"/>
								<line number="336" hits="0" branch="false"/>
								<line number="337" hits="0" branch="false"/>
							</lines>
						</method>
						<method name="createChangeLog" signature="(Lhudson/Launcher;ILhudson/FilePath;Ljava/io/File;Lhudson/model/BuildListener;)V" line-rate="0.0" branch-rate="0.0">
							<lines>
								<line number="275" hits="0" branch="true" condition-coverage="0% (0/2)">
									<conditions>
										<condition number="0" type="jump" coverage="0%"/>
									</conditions>
								</line>
								<line number="276" hits="0" branch="false"/>
								<line number="277" hits="0" branch="false"/>
								<line number="278" hits="0" branch="false"/>
								<line number="281" hits="0" branch="false"/>
								<line number="282" hits="0" branch="false"/>
								<line number="285" hits="0" branch="false"/>
								<line number="286" hits="0" branch="false"/>
								<line number="287" hits="0" branch="false"/>
								<line number="288" hits="0" branch="false"/>
								<line number="289" hits="0" branch="false"/>
								<line number="290" hits="0" branch="false"/>
								<line number="291" hits="0" branch="false"/>
								<line number="292" hits="0" branch="false"/>
								<line number="294" hits="0" branch="false"/>
								<line number="295" hits="0" branch="false"/>
								<line number="296" hits="0" branch="false"/>
							</lines>
						</method>
						<method name="createChangeLogParser" signature="()Lhudson/scm/ChangeLogParser;" line-rate="0.0" branch-rate="1.0">
							<lines>
								<line number="412" hits="0" branch="false"/>
							</lines>
						</method>
						<method name="createLocalPath" signature="(Lhudson/FilePath;)Lhudson/FilePath;" line-rate="0.0" branch-rate="0.0">
							<lines>
								<line number="430" hits="0" branch="true" condition-coverage="0% (0/4)">
									<conditions>
										<condition number="0" type="jump" coverage="0%"/>
										<condition number="1" type="jump" coverage="0%"/>
									</conditions>
								</line>
								<line number="431" hits="0" branch="false"/>
								<line number="434" hits="0" branch="false"/>
							</lines>
						</method>
						<method name="getBrowser" signature="()Lhudson/scm/RepositoryBrowser;" line-rate="1.0" branch-rate="1.0">
							<lines>
							</lines>
						</method>
						<method name="getBrowser" signature="()Lorg/jenkinsci/plugins/darcs/browsers/DarcsRepositoryBrowser;" line-rate="0.0" branch-rate="1.0">
							<lines>
								<line number="138" hits="0" branch="false"/>
							</lines>
						</method>
						<method name="getDescriptor" signature="()Lhudson/model/Descriptor;" line-rate="0.0" branch-rate="1.0">
							<lines>
								<line number="54" hits="0" branch="false"/>
							</lines>
						</method>
						<method name="getDescriptor" signature="()Lhudson/scm/SCMDescriptor;" line-rate="1.0" branch-rate="1.0">
							<lines>
							</lines>
						</method>
						<method name="getDescriptor" signature="()Lorg/jenkinsci/plugins/darcs/DarcsScmDescriptor;" line-rate="0.0" branch-rate="1.0">
							<lines>
								<line number="417" hits="0" branch="false"/>
							</lines>
						</method>
						<method name="getLocalDir" signature="()Ljava/lang/String;" line-rate="0.0" branch-rate="1.0">
							<lines>
								<line number="124" hits="0" branch="false"/>
							</lines>
						</method>
						<method name="getRepo" signature="(Lhudson/model/AbstractBuild;Lhudson/Launcher;Lhudson/FilePath;Lhudson/model/BuildListener;Ljava/io/File;)Z" line-rate="0.0" branch-rate="1.0">
							<lines>
								<line number="388" hits="0" branch="false"/>
								<line number="391" hits="0" branch="false"/>
								<line number="392" hits="0" branch="false"/>
								<line number="393" hits="0" branch="false"/>
								<line number="394" hits="0" branch="false"/>
								<line number="395" hits="0" branch="false"/>
								<line number="396" hits="0" branch="false"/>
								<line number="399" hits="0" branch="false"/>
								<line number="400" hits="0" branch="false"/>
								<line number="401" hits="0" branch="false"/>
								<line number="402" hits="0" branch="false"/>
								<line number="403" hits="0" branch="false"/>
								<line number="404" hits="0" branch="false"/>
								<line number="405" hits="0" branch="false"/>
								<line number="407" hits="0" branch="false"/>
							</lines>
						</method>
						<method name="getRevisionState" signature="(Lhudson/Launcher;Lhudson/model/TaskListener;Ljava/lang/String;Lhudson/FilePath;)Lorg/jenkinsci/plugins/darcs/DarcsRevisionState;" line-rate="0.0" branch-rate="0.0">
							<lines>
								<line number="243" hits="0" branch="true" condition-coverage="0% (0/2)">
									<conditions>
										<condition number="0" type="jump" coverage="0%"/>
									</conditions>
								</line>
								<line number="247" hits="0" branch="false"/>
[...]
								<line number="56" hits="36" branch="false"/>
							</lines>
						</method>
						<method name="createArgumentList" signature="()Lhudson/util/ArgumentListBuilder;" line-rate="1.0" branch-rate="1.0">
							<lines>
								<line number="73" hits="16" branch="false"/>
								<line number="74" hits="16" branch="false"/>
								<line number="76" hits="16" branch="true" condition-coverage="100% (2/2)">
									<conditions>
										<condition number="0" type="jump" coverage="100%"/>
									</conditions>
								</line>
								<line number="77" hits="15" branch="false"/>
								<line number="80" hits="16" branch="false"/>
							</lines>
						</method>
						<method name="getDarcsExe" signature="()Ljava/lang/String;" line-rate="1.0" branch-rate="1.0">
							<lines>
								<line number="64" hits="9" branch="false"/>
							</lines>
						</method>
					</methods>
					<lines>
						<line number="41" hits="8" branch="false"/>
						<line number="42" hits="6" branch="false"/>
						<line number="51" hits="39" branch="false"/>
						<line number="52" hits="39" branch="false"/>
						<line number="53" hits="37" branch="false"/>
						<line number="54" hits="36" branch="false"/>
						<line number="55" hits="36" branch="false"/>
						<line number="56" hits="36" branch="false"/>
						<line number="64" hits="9" branch="false"/>
						<line number="73" hits="16" branch="false"/>
						<line number="74" hits="16" branch="false"/>
						<line number="76" hits="16" branch="true" condition-coverage="100% (2/2)">
							<conditions>
								<condition number="0" type="jump" coverage="100%"/>
							</conditions>
						</line>
						<line number="77" hits="15" branch="false"/>
						<line number="80" hits="16" branch="false"/>
					</lines>
				</class>
				<class name="org.jenkinsci.plugins.darcs.cmd.DarcsChangesBuilder" filename="org/jenkinsci/plugins/darcs/cmd/DarcsChangesBuilder.java" line-rate="1.0" branch-rate="1.0" complexity="2.142857142857143">
					<methods>
						<method name="&lt;init&gt;" signature="(Ljava/lang/String;)V" line-rate="1.0" branch-rate="1.0">
							<lines>
								<line number="37" hits="11" branch="false"/>
								<line number="61" hits="11" branch="false"/>
								<line number="62" hits="11" branch="false"/>
							</lines>
						</method>
						<method name="count" signature="()Lorg/jenkinsci/plugins/darcs/cmd/DarcsChangesBuilder;" line-rate="1.0" branch-rate="1.0">
							<lines>
								<line number="107" hits="2" branch="false"/>
								<line number="108" hits="2" branch="false"/>
							</lines>
						</method>
						<method name="create" signature="()Lorg/jenkinsci/plugins/darcs/cmd/DarcsCommand;" line-rate="1.0" branch-rate="1.0">
							<lines>
								<line number="128" hits="7" branch="false"/>
								<line number="130" hits="7" branch="true" condition-coverage="100% (2/2)">
									<conditions>
										<condition number="0" type="jump" coverage="100%"/>
									</conditions>
								</line>
								<line number="131" hits="3" branch="false"/>
								<line number="134" hits="7" branch="true" condition-coverage="100% (2/2)">
									<conditions>
										<condition number="0" type="jump" coverage="100%"/>
									</conditions>
								</line>
								<line number="135" hits="2" branch="false"/>
								<line number="136" hits="2" branch="false"/>
								<line number="139" hits="5" branch="true" condition-coverage="100% (2/2)">
									<conditions>
										<condition number="0" type="jump" coverage="100%"/>
									</conditions>
								</line>
								<line number="140" hits="2" branch="false"/>
								<line number="143" hits="5" branch="true" condition-coverage="100% (2/2)">
									<conditions>
										<condition number="0" type="jump" coverage="100%"/>
									</conditions>
								</line>
								<line number="144" hits="2" branch="false"/>
								<line number="147" hits="5" branch="true" condition-coverage="100% (2/2)">
									<conditions>
										<condition number="0" type="jump" coverage="100%"/>
									</conditions>
								</line>
								<line number="148" hits="2" branch="false"/>
								<line number="151" hits="5" branch="false"/>
							</lines>
						</method>
						<method name="last" signature="(I)Lorg/jenkinsci/plugins/darcs/cmd/DarcsChangesBuilder;" line-rate="1.0" branch-rate="1.0">
							<lines>
								<line number="118" hits="3" branch="true" condition-coverage="100% (2/2)">
									<conditions>
										<condition number="0" type="jump" coverage="100%"/>
									</conditions>
								</line>
								<line number="119" hits="1" branch="false"/>
								<line number="122" hits="2" branch="false"/>
								<line number="123" hits="2" branch="false"/>
							</lines>
						</method>
						<method name="repoDir" signature="(Ljava/lang/String;)Lorg/jenkinsci/plugins/darcs/cmd/DarcsChangesBuilder;" line-rate="1.0" branch-rate="1.0">
							<lines>
								<line number="74" hits="5" branch="false"/>
								<line number="75" hits="3" branch="false"/>
								<line number="76" hits="3" branch="false"/>
							</lines>
						</method>
						<method name="summary" signature="()Lorg/jenkinsci/plugins/darcs/cmd/DarcsChangesBuilder;" line-rate="1.0" branch-rate="1.0">
							<lines>
								<line number="95" hits="3" branch="false"/>
								<line number="96" hits="3" branch="false"/>
							</lines>
						</method>
						<method name="xmlOutput" signature="()Lorg/jenkinsci/plugins/darcs/cmd/DarcsChangesBuilder;" line-rate="1.0" branch-rate="1.0">
							<lines>
								<line number="85" hits="3" branch="false"/>
								<line number="86" hits="3" branch="false"/>
							</lines>
						</method>
					</methods>
					<lines>
						<line number="37" hits="11" branch="false"/>
						<line number="61" hits="11" branch="false"/>
						<line number="62" hits="11" branch="false"/>
						<line number="74" hits="5" branch="false"/>
						<line number="75" hits="3" branch="false"/>
						<line number="76" hits="3" branch="false"/>
						<line number="85" hits="3" branch="false"/>
						<line number="86" hits="3" branch="false"/>
						<line number="95" hits="3" branch="false"/>
						<line number="96" hits="3" branch="false"/>
						<line number="107" hits="2" branch="false"/>
						<line number="108" hits="2" branch="false"/>
						<line number="118" hits="3" branch="true" condition-coverage="100% (2/2)">
							<conditions>
								<condition number="0" type="jump" coverage="100%"/>
							</conditions>
						</line>
						<line number="119" hits="1" branch="false"/>
						<line number="122" hits="2" branch="false"/>
						<line number="123" hits="2" branch="false"/>
						<line number="128" hits="7" branch="false"/>
						<line number="130" hits="7" branch="true" condition-coverage="100% (2/2)">
							<conditions>
								<condition number="0" type="jump" coverage="100%"/>
							</conditions>
						</line>
						<line number="131" hits="3" branch="false"/>
						<line number="134" hits="7" branch="true" condition-coverage="100% (2/2)">
							<conditions>
								<condition number="0" type="jump" coverage="100%"/>
							</conditions>
						</line>
						<line number="135" hits="2" branch="false"/>
						<line number="136" hits="2" branch="false"/>
						<line number="139" hits="5" branch="true" condition-coverage="100% (2/2)">
							<conditions>
								<condition number="0" type="jump" coverage="100%"/>
							</conditions>
						</line>
						<line number="140" hits="2" branch="false"/>
						<line number="143" hits="5" branch="true" condition-coverage="100% (2/2)">
							<conditions>
								<condition number="0" type="jump" coverage="100%"/>
							</conditions>
						</line>
						<line number="144" hits="2" branch="false"/>
						<line number="147" hits="5" branch="true" condition-coverage="100% (2/2)">
							<conditions>
								<condition number="0" type="jump" coverage="100%"/>
							</conditions>
						</line>
						<line number="148" hits="2" branch="false"/>
						<line number="151" hits="5" branch="false"/>
					</lines>
				</class>
				<class name="org.jenkinsci.plugins.darcs.cmd.DarcsCommand" filename="org/jenkinsci/plugins/darcs/cmd/DarcsCommand.java" line-rate="0.5384615384615384" branch-rate="1.0" complexity="1.0">
					<methods>
						<method name="&lt;init&gt;" signature="(Lhudson/util/ArgumentListBuilder;)V" line-rate="1.0" branch-rate="1.0">
							<lines>
								<line number="34" hits="14" branch="false"/>
								<line number="38" hits="14" branch="false"/>
								<line number="47" hits="14" branch="false"/>
								<line number="48" hits="14" branch="false"/>
								<line number="49" hits="14" branch="false"/>
							</lines>
						</method>
						<method name="builder" signature="(Ljava/lang/String;)Lorg/jenkinsci/plugins/darcs/cmd/DarcsCommandBuilder;" line-rate="1.0" branch-rate="1.0">
							<lines>
								<line number="58" hits="1" branch="false"/>
							</lines>
						</method>
						<method name="execute" signature="(Lhudson/Launcher$ProcStarter;)I" line-rate="0.0" branch-rate="1.0">
							<lines>
								<line number="71" hits="0" branch="false"/>
								<line number="72" hits="0" branch="false"/>
								<line number="73" hits="0" branch="false"/>
								<line number="74" hits="0" branch="false"/>
							</lines>
						</method>
						<method name="getArgs" signature="()Lhudson/util/ArgumentListBuilder;" line-rate="1.0" branch-rate="1.0">
							<lines>
								<line number="101" hits="14" branch="false"/>
							</lines>
						</method>
						<method name="getErr" signature="()Ljava/io/OutputStream;" line-rate="0.0" branch-rate="1.0">
							<lines>
								<line number="92" hits="0" branch="false"/>
							</lines>
						</method>
						<method name="getOut" signature="()Ljava/io/OutputStream;" line-rate="0.0" branch-rate="1.0">
							<lines>
								<line number="83" hits="0" branch="false"/>
							</lines>
						</method>
					</methods>
					<lines>
						<line number="34" hits="14" branch="false"/>
						<line number="38" hits="14" branch="false"/>
						<line number="47" hits="14" branch="false"/>
						<line number="48" hits="14" branch="false"/>
						<line number="49" hits="14" branch="false"/>
						<line number="58" hits="1" branch="false"/>
						<line number="71" hits="0" branch="false"/>
						<line number="72" hits="0" branch="false"/>
						<line number="73" hits="0" branch="false"/>
						<line number="74" hits="0" branch="false"/>
						<line number="83" hits="0" branch="false"/>
						<line number="92" hits="0" branch="false"/>
						<line number="101" hits="14" branch="false"/>
					</lines>
				</class>
				<class name="org.jenkinsci.plugins.darcs.cmd.DarcsCommandBuilder" filename="org/jenkinsci/plugins/darcs/cmd/DarcsCommandBuilder.java" line-rate="1.0" branch-rate="1.0" complexity="1.0">
					<methods>
						<method name="&lt;init&gt;" signature="(Ljava/lang/String;)V" line-rate="1.0" branch-rate="1.0">
							<lines>
								<line number="30" hits="5" branch="false"/>
								<line number="31" hits="5" branch="false"/>
							</lines>
						</method>
						<method name="changes" signature="()Lorg/jenkinsci/plugins/darcs/cmd/DarcsChangesBuilder;" line-rate="1.0" branch-rate="1.0">
							<lines>
								<line number="39" hits="1" branch="false"/>
							</lines>
						</method>
						<method name="get" signature="()Lorg/jenkinsci/plugins/darcs/cmd/DarcsGetBuilder;" line-rate="1.0" branch-rate="1.0">
							<lines>
								<line number="57" hits="1" branch="false"/>
							</lines>
						</method>
						<method name="pull" signature="()Lorg/jenkinsci/plugins/darcs/cmd/DarcsPullBuilder;" line-rate="1.0" branch-rate="1.0">
							<lines>
								<line number="48" hits="1" branch="false"/>
							</lines>
						</method>
					</methods>
					<lines>
						<line number="30" hits="5" branch="false"/>
						<line number="31" hits="5" branch="false"/>
						<line number="39" hits="1" branch="false"/>
						<line number="48" hits="1" branch="false"/>
						<line number="57" hits="1" branch="false"/>
					</lines>
				</class>
				<class name="org.jenkinsci.plugins.darcs.cmd.DarcsCommandCreator" filename="org/jenkinsci/plugins/darcs/cmd/DarcsCommandCreator.java" line-rate="1.0" branch-rate="1.0" complexity="1.0">
					<methods>
					</methods>
					<lines>
					</lines>
				</class>
				<class name="org.jenkinsci.plugins.darcs.cmd.DarcsGetBuilder" filename="org/jenkinsci/plugins/darcs/cmd/DarcsGetBuilder.java" line-rate="1.0" branch-rate="1.0" complexity="1.25">
					<methods>
						<method name="&lt;init&gt;" signature="(Ljava/lang/String;)V" line-rate="1.0" branch-rate="1.0">
							<lines>
								<line number="33" hits="7" branch="false"/>
								<line number="37" hits="7" branch="false"/>
								<line number="45" hits="7" branch="false"/>
								<line number="46" hits="7" branch="false"/>
							</lines>
						</method>
						<method name="create" signature="()Lorg/jenkinsci/plugins/darcs/cmd/DarcsCommand;" line-rate="1.0" branch-rate="1.0">
							<lines>
								<line number="80" hits="3" branch="false"/>
								<line number="81" hits="2" branch="false"/>
								<line number="82" hits="2" branch="false"/>
								<line number="84" hits="2" branch="true" condition-coverage="100% (2/2)">
									<conditions>
										<condition number="0" type="jump" coverage="100%"/>
									</conditions>
								</line>
								<line number="85" hits="1" branch="false"/>
								<line number="88" hits="2" branch="false"/>
							</lines>
						</method>
						<method name="from" signature="(Ljava/lang/String;)Lorg/jenkinsci/plugins/darcs/cmd/DarcsGetBuilder;" line-rate="1.0" branch-rate="1.0">
							<lines>
								<line number="58" hits="4" branch="false"/>
								<line number="59" hits="2" branch="false"/>
								<line number="60" hits="2" branch="false"/>
							</lines>
						</method>
						<method name="to" signature="(Ljava/lang/String;)Lorg/jenkinsci/plugins/darcs/cmd/DarcsGetBuilder;" line-rate="1.0" branch-rate="1.0">
							<lines>
								<line number="73" hits="2" branch="false"/>
								<line number="74" hits="1" branch="false"/>
								<line number="75" hits="1" branch="false"/>
							</lines>
						</method>
					</methods>
					<lines>
						<line number="33" hits="7" branch="false"/>
						<line number="37" hits="7" branch="false"/>
						<line number="45" hits="7" branch="false"/>
						<line number="46" hits="7" branch="false"/>
						<line number="58" hits="4" branch="false"/>
						<line number="59" hits="2" branch="false"/>
						<line number="60" hits="2" branch="false"/>
						<line number="73" hits="2" branch="false"/>
						<line number="74" hits="1" branch="false"/>
						<line number="75" hits="1" branch="false"/>
						<line number="80" hits="3" branch="false"/>
						<line number="81" hits="2" branch="false"/>
						<line number="82" hits="2" branch="false"/>
						<line number="84" hits="2" branch="true" condition-coverage="100% (2/2)">
							<conditions>
								<condition number="0" type="jump" coverage="100%"/>
							</conditions>
						</line>
						<line number="85" hits="1" branch="false"/>
						<line number="88" hits="2" branch="false"/>
					</lines>
				</class>
				<class name="org.jenkinsci.plugins.darcs.cmd.DarcsPullBuilder" filename="org/jenkinsci/plugins/darcs/cmd/DarcsPullBuilder.java" line-rate="1.0" branch-rate="1.0" complexity="1.5">
					<methods>
						<method name="&lt;init&gt;" signature="(Ljava/lang/String;)V" line-rate="1.0" branch-rate="1.0">
							<lines>
								<line number="33" hits="11" branch="false"/>
								<line number="37" hits="11" branch="false"/>
								<line number="53" hits="11" branch="false"/>
								<line number="54" hits="11" branch="false"/>
							</lines>
						</method>
						<method name="all" signature="()Lorg/jenkinsci/plugins/darcs/cmd/DarcsPullBuilder;" line-rate="1.0" branch-rate="1.0">
							<lines>
								<line number="92" hits="2" branch="false"/>
								<line number="93" hits="2" branch="false"/>
							</lines>
						</method>
						<method name="create" signature="()Lorg/jenkinsci/plugins/darcs/cmd/DarcsCommand;" line-rate="1.0" branch-rate="1.0">
							<lines>
								<line number="108" hits="6" branch="false"/>
								<line number="109" hits="5" branch="false"/>
								<line number="110" hits="5" branch="false"/>
								<line number="112" hits="5" branch="true" condition-coverage="100% (2/2)">
									<conditions>
										<condition number="0" type="jump" coverage="100%"/>
									</conditions>
								</line>
								<line number="113" hits="2" branch="false"/>
								<line number="116" hits="5" branch="true" condition-coverage="100% (2/2)">
									<conditions>
										<condition number="0" type="jump" coverage="100%"/>
									</conditions>
								</line>
								<line number="117" hits="2" branch="false"/>
								<line number="120" hits="5" branch="true" condition-coverage="100% (2/2)">
									<conditions>
										<condition number="0" type="jump" coverage="100%"/>
									</conditions>
								</line>
								<line number="121" hits="2" branch="false"/>
								<line number="124" hits="5" branch="false"/>
							</lines>
						</method>
						<method name="from" signature="(Ljava/lang/String;)Lorg/jenkinsci/plugins/darcs/cmd/DarcsPullBuilder;" line-rate="1.0" branch-rate="1.0">
							<lines>
								<line number="66" hits="7" branch="false"/>
								<line number="67" hits="5" branch="false"/>
								<line number="68" hits="5" branch="false"/>
							</lines>
						</method>
						<method name="repoDir" signature="(Ljava/lang/String;)Lorg/jenkinsci/plugins/darcs/cmd/DarcsPullBuilder;" line-rate="1.0" branch-rate="1.0">
							<lines>
								<line number="81" hits="4" branch="false"/>
								<line number="82" hits="2" branch="false"/>
								<line number="83" hits="2" branch="false"/>
							</lines>
						</method>
						<method name="verbose" signature="()Lorg/jenkinsci/plugins/darcs/cmd/DarcsPullBuilder;" line-rate="1.0" branch-rate="1.0">
							<lines>
								<line number="102" hits="2" branch="false"/>
								<line number="103" hits="2" branch="false"/>
							</lines>
						</method>
					</methods>
					<lines>
						<line number="33" hits="11" branch="false"/>
						<line number="37" hits="11" branch="false"/>
						<line number="53" hits="11" branch="false"/>
						<line number="54" hits="11" branch="false"/>
						<line number="66" hits="7" branch="false"/>
						<line number="67" hits="5" branch="false"/>
						<line number="68" hits="5" branch="false"/>
						<line number="81" hits="4" branch="false"/>
						<line number="82" hits="2" branch="false"/>
						<line number="83" hits="2" branch="false"/>
						<line number="92" hits="2" branch="false"/>
						<line number="93" hits="2" branch="false"/>
						<line number="102" hits="2" branch="false"/>
						<line number="103" hits="2" branch="false"/>
						<line number="108" hits="6" branch="false"/>
						<line number="109" hits="5" branch="false"/>
						<line number="110" hits="5" branch="false"/>
						<line number="112" hits="5" branch="true" condition-coverage="100% (2/2)">
							<conditions>
								<condition number="0" type="jump" coverage="100%"/>
							</conditions>
						</line>
						<line number="113" hits="2" branch="false"/>
						<line number="116" hits="5" branch="true" condition-coverage="100% (2/2)">
							<conditions>
								<condition number="0" type="jump" coverage="100%"/>
							</conditions>
						</line>
						<line number="117" hits="2" branch="false"/>
						<line number="120" hits="5" branch="true" condition-coverage="100% (2/2)">
							<conditions>
								<condition number="0" type="jump" coverage="100%"/>
							</conditions>
						</line>
						<line number="121" hits="2" branch="false"/>
						<line number="124" hits="5" branch="false"/>
					</lines>
				</class>
			</classes>
		</package>
	</packages>
</coverage>
